 OK,3688223e-0359-4369-bcb0-d44f70fff908,218592,0
 OK,f43a8fe4-c604-4a39-9ba0-3fb453414b72,316776,0
 OK,26e57b42-de01-4b20-bfad-75a32466a760,206616,0
 OK,26d582cc-e73f-4be5-bd32-c90503fffef7,264960,0
 OK,b03fa40b-63cb-4d8e-b1b9-d997e968834e,251184,0
 OK,9c5705c8-0a44-48d2-9fc4-510b7e928eea,294648,0
 OK,42352635-4949-4cde-ac94-c6574005f6ba,278568,0
 OK,23662658-4970-46dd-8ecf-41d6377b3d56,249312,0
 OK,821a43c9-8a08-4d59-831b-8c0afc433a03,309912,0
 OK,a75f80f3-c724-433a-b272-45ab2b78b25a,206880,0
 OK,f8938188-d0c1-4483-bf55-d8c067cd61bd,333720,0
 OK,0a2a3fc5-9c26-4a71-b2ac-bce01c9c27c3,239280,0
 OK,64ff0b18-7b14-4e06-b273-3396d2c57816,238200,0
 OK,066ac17a-199e-424a-89c3-f3aa9d0a273a,258888,0
 OK,eb48fce8-da79-41d5-b37c-d3ff40e6e134,153792,0
 OK,0456ad34-5ef8-4762-8490-8f4129cf5888,252600,0
 OK,09863808-f9f5-47e4-892d-0a7910799995,230496,0
 OK,cf5ed94f-659d-4b98-8515-c69d2c8d018a,227376,0
 OK,6f311fda-e28b-462b-926d-28097cef3225,283080,0
 OK,838ff828-2fc9-48e0-bc56-44d127d56f0b,325872,0
 OK,aac9096b-1fbf-4e8c-ac33-d02fd3a5cff7,245328,0
 OK,42139e9b-10f2-4b6f-aba3-d4db03297b34,167568,0
 OK,5daf5802-b48c-48dd-9766-8f981666b756,232152,0
 OK,38c7d0bc-c058-46fc-873a-f89e99c9826c,239736,0
 OK,61a24f4a-7dcb-44d1-8374-c7a604b8b646,254256,0
 OK,02d9b0fd-ccc2-407c-9aed-dd7ac80924e4,340176,0
