 歌曲,爸爸妈妈,0,2017/10/18 10:26:17,218592,3688223e-0359-4369-bcb0-d44f70fff908
 歌曲,你不是真正的快乐,0,2017/10/18 10:26:18,316776,f43a8fe4-c604-4a39-9ba0-3fb453414b72
 歌曲,红色高跟鞋,0,2017/10/18 10:26:18,206616,26e57b42-de01-4b20-bfad-75a32466a760
 歌曲,情歌 (cover梁静茹),0,2017/10/18 10:26:18,264960,26d582cc-e73f-4be5-bd32-c90503fffef7
 歌曲,下雨天,0,2017/10/18 10:26:18,251184,b03fa40b-63cb-4d8e-b1b9-d997e968834e
 歌曲,那些花儿,0,2017/10/18 10:26:18,294648,9c5705c8-0a44-48d2-9fc4-510b7e928eea
 歌曲,平凡之路(电影版),0,2017/10/18 10:26:18,278568,42352635-4949-4cde-ac94-c6574005f6ba
 歌曲,安和桥,0,2017/10/18 10:26:19,249312,23662658-4970-46dd-8ecf-41d6377b3d56
 歌曲,董小姐,0,2017/10/18 10:26:19,309912,821a43c9-8a08-4d59-831b-8c0afc433a03
 歌曲,遇见,0,2017/10/18 10:26:19,206880,a75f80f3-c724-433a-b272-45ab2b78b25a
 歌曲,揪心的玩笑与漫长的白日梦,0,2017/10/18 10:26:19,333720,f8938188-d0c1-4483-bf55-d8c067cd61bd
 歌曲,匆匆那年,0,2017/10/18 10:26:19,239280,0a2a3fc5-9c26-4a71-b2ac-bce01c9c27c3
 歌曲,再见二丁目,0,2017/10/18 10:26:19,238200,64ff0b18-7b14-4e06-b273-3396d2c57816
 歌曲,矜持,0,2017/10/18 10:26:19,258888,066ac17a-199e-424a-89c3-f3aa9d0a273a
 歌曲,好想你,0,2017/10/18 10:26:19,153792,eb48fce8-da79-41d5-b37c-d3ff40e6e134
 歌曲,同手同脚,0,2017/10/18 10:58:50,252600,0456ad34-5ef8-4762-8490-8f4129cf5888
 歌曲,追梦人,0,2017/10/18 10:58:51,230496,09863808-f9f5-47e4-892d-0a7910799995
 歌曲,他不懂 (Live),0,2017/10/18 10:58:51,227376,cf5ed94f-659d-4b98-8515-c69d2c8d018a
 歌曲,女人心事,0,2017/10/18 10:58:51,283080,6f311fda-e28b-462b-926d-28097cef3225
 歌曲,默,0,2017/10/18 10:58:51,325872,838ff828-2fc9-48e0-bc56-44d127d56f0b
 歌曲,飘摇,0,2017/10/18 10:58:51,245328,aac9096b-1fbf-4e8c-ac33-d02fd3a5cff7
 歌曲,Blowin' in the Wind,0,2017/10/18 10:58:51,167568,42139e9b-10f2-4b6f-aba3-d4db03297b34
 歌曲,In for the Kill,0,2017/10/18 10:58:52,232152,5daf5802-b48c-48dd-9766-8f981666b756
 歌曲,심야 (深夜),0,2017/10/18 10:58:52,239736,38c7d0bc-c058-46fc-873a-f89e99c9826c
 歌曲,碧の海,0,2017/10/18 10:58:52,254256,61a24f4a-7dcb-44d1-8374-c7a604b8b646
 歌曲,冬至,0,2017/10/18 10:58:52,340176,02d9b0fd-ccc2-407c-9aed-dd7ac80924e4
