[2017/10/18 11:10:34]: 开始查询数据！
[2017/10/18 11:10:45]: 1
[2017/10/18 11:10:51]: 开始下载：爸爸妈妈
[2017/10/18 11:10:57]: 开始计算时长：爸爸妈妈
[2017/10/18 11:11:00]: Duration_DB：0
[2017/10/18 11:11:25]: 2
[2017/10/18 11:11:38]: 开始下载：你不是真正的快乐
[2017/10/18 11:11:42]: 开始计算时长：你不是真正的快乐
[2017/10/18 11:11:45]: Duration_DB：0
[2017/10/18 11:11:56]: 3
[2017/10/18 11:11:56]: 开始下载：红色高跟鞋
[2017/10/18 11:11:56]: 开始计算时长：红色高跟鞋
[2017/10/18 11:11:56]: Duration_DB：0
[2017/10/18 11:11:56]: 4
[2017/10/18 11:11:56]: 开始下载：情歌 (cover梁静茹)
[2017/10/18 11:11:56]: 开始计算时长：情歌 (cover梁静茹)
[2017/10/18 11:11:57]: Duration_DB：0
[2017/10/18 11:11:57]: 5
[2017/10/18 11:11:57]: 开始下载：下雨天
[2017/10/18 11:11:57]: 开始计算时长：下雨天
[2017/10/18 11:11:57]: Duration_DB：0
[2017/10/18 11:11:57]: 6
[2017/10/18 11:11:57]: 开始下载：那些花儿
[2017/10/18 11:11:57]: 开始计算时长：那些花儿
[2017/10/18 11:11:57]: Duration_DB：0
[2017/10/18 11:11:57]: 7
[2017/10/18 11:11:57]: 开始下载：平凡之路(电影版)
[2017/10/18 11:11:57]: 开始计算时长：平凡之路(电影版)
[2017/10/18 11:11:58]: Duration_DB：0
[2017/10/18 11:11:58]: 8
[2017/10/18 11:11:58]: 开始下载：安和桥
[2017/10/18 11:11:58]: 开始计算时长：安和桥
[2017/10/18 11:11:58]: Duration_DB：0
[2017/10/18 11:11:58]: 9
[2017/10/18 11:11:58]: 开始下载：董小姐
[2017/10/18 11:11:58]: 开始计算时长：董小姐
[2017/10/18 11:11:58]: Duration_DB：0
[2017/10/18 11:11:58]: 10
[2017/10/18 11:11:58]: 开始下载：遇见
[2017/10/18 11:11:58]: 开始计算时长：遇见
[2017/10/18 11:11:59]: Duration_DB：0
[2017/10/18 11:11:59]: 11
[2017/10/18 11:11:59]: 开始下载：揪心的玩笑与漫长的白日梦
[2017/10/18 11:11:59]: 开始计算时长：揪心的玩笑与漫长的白日梦
[2017/10/18 11:11:59]: Duration_DB：0
[2017/10/18 11:11:59]: 12
[2017/10/18 11:11:59]: 开始下载：匆匆那年
[2017/10/18 11:11:59]: 开始计算时长：匆匆那年
[2017/10/18 11:11:59]: Duration_DB：0
[2017/10/18 11:11:59]: 13
[2017/10/18 11:11:59]: 开始下载：再见二丁目
[2017/10/18 11:11:59]: 开始计算时长：再见二丁目
[2017/10/18 11:11:59]: Duration_DB：0
[2017/10/18 11:11:59]: 14
[2017/10/18 11:11:59]: 开始下载：矜持
[2017/10/18 11:12:00]: 开始计算时长：矜持
[2017/10/18 11:12:00]: Duration_DB：0
[2017/10/18 11:12:00]: 15
[2017/10/18 11:12:00]: 开始下载：好想你
[2017/10/18 11:12:00]: 开始计算时长：好想你
[2017/10/18 11:12:00]: Duration_DB：0
[2017/10/18 11:12:00]: 16
[2017/10/18 11:12:00]: 开始下载：同手同脚
[2017/10/18 11:12:00]: 开始计算时长：同手同脚
[2017/10/18 11:12:00]: Duration_DB：0
[2017/10/18 11:12:00]: 17
[2017/10/18 11:12:00]: 开始下载：追梦人
[2017/10/18 11:12:00]: 开始计算时长：追梦人
[2017/10/18 11:12:01]: Duration_DB：0
[2017/10/18 11:12:01]: 18
[2017/10/18 11:12:01]: 开始下载：他不懂 (Live)
[2017/10/18 11:12:01]: 开始计算时长：他不懂 (Live)
[2017/10/18 11:12:01]: Duration_DB：0
[2017/10/18 11:12:01]: 19
[2017/10/18 11:12:01]: 开始下载：女人心事
[2017/10/18 11:12:01]: 开始计算时长：女人心事
[2017/10/18 11:12:01]: Duration_DB：0
[2017/10/18 11:12:01]: 20
[2017/10/18 11:12:01]: 开始下载：默
[2017/10/18 11:12:01]: 开始计算时长：默
[2017/10/18 11:12:02]: Duration_DB：0
[2017/10/18 11:12:02]: 21
[2017/10/18 11:12:02]: 开始下载：飘摇
[2017/10/18 11:12:02]: 开始计算时长：飘摇
[2017/10/18 11:12:02]: Duration_DB：0
[2017/10/18 11:12:02]: 22
[2017/10/18 11:12:02]: 开始下载：Blowin' in the Wind
[2017/10/18 11:12:02]: 开始计算时长：Blowin' in the Wind
[2017/10/18 11:12:02]: Duration_DB：0
[2017/10/18 11:12:02]: 23
[2017/10/18 11:12:02]: 开始下载：In for the Kill
[2017/10/18 11:12:02]: 开始计算时长：In for the Kill
[2017/10/18 11:12:02]: Duration_DB：0
[2017/10/18 11:12:03]: 24
[2017/10/18 11:12:03]: 开始下载：심야 (深夜)
[2017/10/18 11:12:03]: 开始计算时长：심야 (深夜)
[2017/10/18 11:12:03]: Duration_DB：0
[2017/10/18 11:12:03]: 25
[2017/10/18 11:12:03]: 开始下载：碧の海
[2017/10/18 11:12:03]: 开始计算时长：碧の海
[2017/10/18 11:12:03]: Duration_DB：0
[2017/10/18 11:12:03]: 26
[2017/10/18 11:12:03]: 开始下载：冬至
[2017/10/18 11:12:03]: 开始计算时长：冬至
[2017/10/18 11:12:04]: Duration_DB：0
[2017/10/18 11:12:04]: 共有：26条数据时长不匹配
[2017/10/18 11:14:32]: 开始查询数据！
[2017/10/18 11:14:32]: 1
[2017/10/18 11:14:32]: 开始下载：爸爸妈妈
[2017/10/18 11:14:32]: 开始计算时长：爸爸妈妈
[2017/10/18 11:14:32]: Duration_DB：218592
[2017/10/18 11:14:32]: 2
[2017/10/18 11:14:32]: 开始下载：你不是真正的快乐
[2017/10/18 11:14:32]: 开始计算时长：你不是真正的快乐
[2017/10/18 11:14:33]: Duration_DB：316776
[2017/10/18 11:14:33]: 3
[2017/10/18 11:14:33]: 开始下载：红色高跟鞋
[2017/10/18 11:14:33]: 开始计算时长：红色高跟鞋
[2017/10/18 11:14:33]: Duration_DB：206616
[2017/10/18 11:14:33]: 4
[2017/10/18 11:14:33]: 开始下载：情歌 (cover梁静茹)
[2017/10/18 11:14:33]: 开始计算时长：情歌 (cover梁静茹)
[2017/10/18 11:14:33]: Duration_DB：264960
[2017/10/18 11:14:33]: 5
[2017/10/18 11:14:33]: 开始下载：下雨天
[2017/10/18 11:14:33]: 开始计算时长：下雨天
[2017/10/18 11:14:33]: Duration_DB：251184
[2017/10/18 11:14:33]: 6
[2017/10/18 11:14:33]: 开始下载：那些花儿
[2017/10/18 11:14:33]: 开始计算时长：那些花儿
[2017/10/18 11:14:34]: Duration_DB：294648
[2017/10/18 11:14:34]: 7
[2017/10/18 11:14:34]: 开始下载：平凡之路(电影版)
[2017/10/18 11:14:34]: 开始计算时长：平凡之路(电影版)
[2017/10/18 11:14:34]: Duration_DB：278568
[2017/10/18 11:14:34]: 8
[2017/10/18 11:14:34]: 开始下载：安和桥
[2017/10/18 11:14:34]: 开始计算时长：安和桥
[2017/10/18 11:14:34]: Duration_DB：249312
[2017/10/18 11:14:34]: 9
[2017/10/18 11:14:34]: 开始下载：董小姐
[2017/10/18 11:14:34]: 开始计算时长：董小姐
[2017/10/18 11:14:35]: Duration_DB：309912
[2017/10/18 11:14:35]: 10
[2017/10/18 11:14:35]: 开始下载：遇见
[2017/10/18 11:14:35]: 开始计算时长：遇见
[2017/10/18 11:14:35]: Duration_DB：206880
[2017/10/18 11:14:35]: 11
[2017/10/18 11:14:35]: 开始下载：揪心的玩笑与漫长的白日梦
[2017/10/18 11:14:35]: 开始计算时长：揪心的玩笑与漫长的白日梦
[2017/10/18 11:14:35]: Duration_DB：333720
[2017/10/18 11:14:35]: 12
[2017/10/18 11:14:35]: 开始下载：匆匆那年
[2017/10/18 11:14:35]: 开始计算时长：匆匆那年
[2017/10/18 11:14:35]: Duration_DB：239280
[2017/10/18 11:14:35]: 13
[2017/10/18 11:14:35]: 开始下载：再见二丁目
[2017/10/18 11:14:35]: 开始计算时长：再见二丁目
[2017/10/18 11:14:36]: Duration_DB：238200
[2017/10/18 11:14:36]: 14
[2017/10/18 11:14:36]: 开始下载：矜持
[2017/10/18 11:14:36]: 开始计算时长：矜持
[2017/10/18 11:14:36]: Duration_DB：258888
[2017/10/18 11:14:36]: 15
[2017/10/18 11:14:36]: 开始下载：好想你
[2017/10/18 11:14:36]: 开始计算时长：好想你
[2017/10/18 11:14:36]: Duration_DB：153792
[2017/10/18 11:14:36]: 16
[2017/10/18 11:14:36]: 开始下载：同手同脚
[2017/10/18 11:14:36]: 开始计算时长：同手同脚
[2017/10/18 11:14:36]: Duration_DB：252600
[2017/10/18 11:14:36]: 17
[2017/10/18 11:14:36]: 开始下载：追梦人
[2017/10/18 11:14:36]: 开始计算时长：追梦人
[2017/10/18 11:14:37]: Duration_DB：230496
[2017/10/18 11:14:37]: 18
[2017/10/18 11:14:37]: 开始下载：他不懂 (Live)
[2017/10/18 11:14:37]: 开始计算时长：他不懂 (Live)
[2017/10/18 11:14:37]: Duration_DB：227376
[2017/10/18 11:14:37]: 19
[2017/10/18 11:14:37]: 开始下载：女人心事
[2017/10/18 11:14:37]: 开始计算时长：女人心事
[2017/10/18 11:14:37]: Duration_DB：283080
[2017/10/18 11:14:37]: 20
[2017/10/18 11:14:37]: 开始下载：默
[2017/10/18 11:14:37]: 开始计算时长：默
[2017/10/18 11:14:37]: Duration_DB：325872
[2017/10/18 11:14:37]: 21
[2017/10/18 11:14:37]: 开始下载：飘摇
[2017/10/18 11:14:37]: 开始计算时长：飘摇
[2017/10/18 11:14:38]: Duration_DB：245328
[2017/10/18 11:14:38]: 22
[2017/10/18 11:14:38]: 开始下载：Blowin' in the Wind
[2017/10/18 11:14:38]: 开始计算时长：Blowin' in the Wind
[2017/10/18 11:14:38]: Duration_DB：167568
[2017/10/18 11:14:38]: 23
[2017/10/18 11:14:38]: 开始下载：In for the Kill
[2017/10/18 11:14:38]: 开始计算时长：In for the Kill
[2017/10/18 11:14:38]: Duration_DB：232152
[2017/10/18 11:14:38]: 24
[2017/10/18 11:14:38]: 开始下载：심야 (深夜)
[2017/10/18 11:14:38]: 开始计算时长：심야 (深夜)
[2017/10/18 11:14:38]: Duration_DB：239736
[2017/10/18 11:14:38]: 25
[2017/10/18 11:14:38]: 开始下载：碧の海
[2017/10/18 11:14:38]: 开始计算时长：碧の海
[2017/10/18 11:14:39]: Duration_DB：254256
[2017/10/18 11:14:39]: 26
[2017/10/18 11:14:39]: 开始下载：冬至
[2017/10/18 11:14:39]: 开始计算时长：冬至
[2017/10/18 11:14:39]: Duration_DB：340176
[2017/10/18 11:14:39]: 共有：0条数据时长不匹配
